Arguments: 
  C:\Program Files\nodejs\node.exe C:\Users\tolya\AppData\Roaming\npm\node_modules\yarn\bin\yarn.js install

PATH: 
  C:\Python311\Scripts\;C:\Python311\;C:\ProgramData\Oracle\Java\javapath;C:\Windows\system32;C:\Windows;C:\Windows\System32\Wbem;C:\Windows\System32\WindowsPowerShell\v1.0\;C:\Windows\System32\OpenSSH\;C:\Program Files (x86)\NVIDIA Corporation\PhysX\Common;C:\Program Files\NVIDIA Corporation\NVIDIA NvDLISR;C:\WINDOWS\system32;C:\WINDOWS;C:\WINDOWS\System32\Wbem;C:\WINDOWS\System32\WindowsPowerShell\v1.0\;C:\WINDOWS\System32\OpenSSH\;C:\Program Files\Git\cmd;C:\Program Files\Microsoft SQL Server\130\Tools\Binn\;C:\Program Files\Microsoft SQL Server\150\Tools\Binn\;C:\Program Files\Microsoft SQL Server\Client SDK\ODBC\170\Tools\Binn\;C:\Program Files\dotnet\;C:\Program Files\Docker\Docker\resources\bin;C:\ProgramData\DockerDesktop\version-bin;C:\Program Files\nodejs\;C:\ProgramData\chocolatey\bin;C:\Program Files\MySQL\MySQL Shell 8.0\bin\;C:\Users\tolya\AppData\Local\Microsoft\WindowsApps;C:\Users\tolya\AppData\Local\GitHubDesktop\bin;C:\Users\tolya\AppData\Local\Programs\Microsoft VS Code\bin;C:\Users\tolya\.dotnet\tools;C:\Users\tolya\AppData\Local\Programs\Fiddler;C:\Users\tolya\.dotnet\tools;C:\Users\tolya\AppData\Roaming\npm

Yarn version: 
  1.22.19

Node version: 
  16.15.1

Platform: 
  win32 x64

Trace: 
  Error: EPERM: operation not permitted, copyfile 'C:\Users\tolya\AppData\Local\Yarn\Cache\v6\npm-@uiw-codemirror-extensions-basic-setup-4.19.7-e50c542a1563f3194a64e1a272f5f33b0a3a9145-integrity\node_modules\@uiw\codemirror-extensions-basic-setup\package.json' -> 'C:\Users\tolya\OneDrive\Рабочий стол\Эфис\react\node_modules\@uiw\codemirror-extensions-basic-setup\package.json'

npm manifest: 
  {
    "name": "efis-itas",
    "version": "0.1.0",
    "private": true,
    "dependencies": {
      "@codemirror/lang-javascript": "^6.1.2",
      "@codemirror/language": "^6.4.0",
      "@codemirror/legacy-modes": "^6.3.1",
      "@monaco-editor/react": "^4.4.6",
      "@reduxjs/toolkit": "^1.8.5",
      "@types/react-redux": "^7.1.24",
      "@uiw/codemirror-theme-dracula": "^4.19.7",
      "@uiw/codemirror-theme-vscode": "^4.19.7",
      "@uiw/react-codemirror": "^4.19.7",
      "axios": "^0.27.2",
      "classnames": "^2.3.1",
      "http-proxy-middleware": "^2.0.6",
      "js-cookie": "^3.0.1",
      "jwt-decode": "^3.1.2",
      "mem": "^9.0.2",
      "mobx-react-lite": "^3.4.0",
      "monaco-editor": "^0.34.1",
      "nanoid": "^4.0.0",
      "react": "^18.2.0",
      "react-dom": "^18.2.0",
      "react-hook-form": "^7.38.0",
      "react-icons": "^4.6.0",
      "react-jwt": "^1.1.7",
      "react-paginate": "^8.1.4",
      "react-redux": "^8.0.2",
      "react-router-dom": "^6.3.0",
      "react-scripts": "^5.0.1",
      "react-toastify": "^9.1.1",
      "redux": "^4.2.0",
      "redux-thunk": "^2.4.1",
      "typescript": "^4.7.4",
      "yarn": "^1.22.19"
    },
    "homepage": ".",
    "scripts": {
      "start": "react-scripts start",
      "build": "react-scripts build"
    },
    "eslintConfig": {
      "extends": [
        "react-app"
      ]
    },
    "browserslist": {
      "production": [
        ">0.2%",
        "not dead",
        "not op_mini all"
      ],
      "development": [
        "last 1 chrome version",
        "last 1 firefox version",
        "last 1 safari version"
      ]
    },
    "devDependencies": {
      "@types/js-cookie": "^3.0.2",
      "@types/node": "^16.11.45",
      "@types/react": "^18.0.15",
      "@types/react-dom": "^18.0.6",
      "@types/redux": "^3.6.0",
      "@types/redux-thunk": "^2.1.0"
    }
  }

yarn manifest: 
  No manifest

Lockfile: 
  No lockfile
